<?xml version="1.0" encoding="UTF-8"?>
<robot generator="Robot 4.1 (Python 3.9.0 on linux)" generated="20210902 16:18:19.689" rpa="false" schemaversion="2">
<suite id="s1" name="Tests" source="/opt/robotframework/tests">
<suite id="s1-s1" name="testeReact" source="/opt/robotframework/tests/testeReact.robot">
<test id="s1-s1-t1" name="CASO DE TESTE">
<kw name="Abrir navegador" type="SETUP">
<kw name="Open Browser" library="SeleniumLibrary">
<arg>abount:blank</arg>
<arg>${BROWSER}</arg>
<doc>Opens a new browser instance to the optional ``url``.</doc>
<msg timestamp="20210902 16:18:20.204" level="INFO">Opening browser 'Chrome' to base url 'abount:blank'.</msg>
<status status="PASS" starttime="20210902 16:18:20.204" endtime="20210902 16:18:22.666"/>
</kw>
<status status="PASS" starttime="20210902 16:18:20.198" endtime="20210902 16:18:22.666"/>
</kw>
<kw name="Abrir navegador">
<kw name="Open Browser" library="SeleniumLibrary">
<arg>abount:blank</arg>
<arg>${BROWSER}</arg>
<doc>Opens a new browser instance to the optional ``url``.</doc>
<msg timestamp="20210902 16:18:22.668" level="INFO">Opening browser 'Chrome' to base url 'abount:blank'.</msg>
<status status="PASS" starttime="20210902 16:18:22.667" endtime="20210902 16:18:24.656"/>
</kw>
<status status="PASS" starttime="20210902 16:18:22.667" endtime="20210902 16:18:24.657"/>
</kw>
<kw name="Acessar a página home do site">
<kw name="Go To" library="SeleniumLibrary">
<arg>${URL}</arg>
<doc>Navigates the current browser window to the provided ``url``.</doc>
<msg timestamp="20210902 16:18:24.658" level="INFO">Opening url 'https://react-redux.realworld.io/#/login?_k=gv09dw'</msg>
<status status="PASS" starttime="20210902 16:18:24.658" endtime="20210902 16:18:26.160"/>
</kw>
<status status="PASS" starttime="20210902 16:18:24.657" endtime="20210902 16:18:26.160"/>
</kw>
<kw name="Login">
<kw name="Input Text" library="SeleniumLibrary">
<arg>xpath=//*[@id="main"]/div/div/div/div/div/form/fieldset/fieldset[1]/input</arg>
<arg>${USER}</arg>
<doc>Types the given ``text`` into the text field identified by ``locator``.</doc>
<msg timestamp="20210902 16:18:26.164" level="INFO">Typing text 'user_test' into text field 'xpath=//*[@id="main"]/div/div/div/div/div/form/fieldset/fieldset[1]/input'.</msg>
<status status="PASS" starttime="20210902 16:18:26.161" endtime="20210902 16:18:26.427"/>
</kw>
<kw name="Input Text" library="SeleniumLibrary">
<arg>xpath=//*[@id="main"]/div/div/div/div/div/form/fieldset/fieldset[2]/input</arg>
<arg>${PASS}</arg>
<doc>Types the given ``text`` into the text field identified by ``locator``.</doc>
<msg timestamp="20210902 16:18:26.428" level="INFO">Typing text 'pass_test' into text field 'xpath=//*[@id="main"]/div/div/div/div/div/form/fieldset/fieldset[2]/input'.</msg>
<status status="PASS" starttime="20210902 16:18:26.427" endtime="20210902 16:18:26.712"/>
</kw>
<status status="PASS" starttime="20210902 16:18:26.160" endtime="20210902 16:18:26.712"/>
</kw>
<kw name="Click Login button">
<kw name="Click Button" library="SeleniumLibrary">
<arg>xpath=//*[@id="main"]/div/div/div/div/div/form/fieldset/button</arg>
<doc>Clicks the button identified by ``locator``.</doc>
<msg timestamp="20210902 16:18:26.713" level="INFO">Clicking button 'xpath=//*[@id="main"]/div/div/div/div/div/form/fieldset/button'.</msg>
<status status="PASS" starttime="20210902 16:18:26.713" endtime="20210902 16:18:26.906"/>
</kw>
<status status="PASS" starttime="20210902 16:18:26.712" endtime="20210902 16:18:26.907"/>
</kw>
<kw name="Fechar navegador" type="TEARDOWN">
<kw name="Close Browser" library="SeleniumLibrary">
<doc>Closes the current browser.</doc>
<status status="PASS" starttime="20210902 16:18:26.909" endtime="20210902 16:18:26.980"/>
</kw>
<status status="PASS" starttime="20210902 16:18:26.908" endtime="20210902 16:18:26.981"/>
</kw>
<status status="PASS" starttime="20210902 16:18:20.194" endtime="20210902 16:18:26.981"/>
</test>
<status status="PASS" starttime="20210902 16:18:19.747" endtime="20210902 16:18:26.990"/>
</suite>
<status status="PASS" starttime="20210902 16:18:19.695" endtime="20210902 16:18:27.007"/>
</suite>
<statistics>
<total>
<stat pass="1" fail="0" skip="0">All Tests</stat>
</total>
<tag>
</tag>
<suite>
<stat pass="1" fail="0" skip="0" id="s1" name="Tests">Tests</stat>
<stat pass="1" fail="0" skip="0" id="s1-s1" name="testeReact">Tests.testeReact</stat>
</suite>
</statistics>
<errors>
</errors>
</robot>
