<?xml version="1.0" encoding="UTF-8"?>
<robot generator="Robot 5.0 (Python 3.10.4 on linux)" generated="20220701 22:40:29.849" rpa="false" schemaversion="3">
<suite id="s1" name="Tests" source="/opt/robotframework/tests">
<suite id="s1-s1" name="testeReact" source="/opt/robotframework/tests/testeReact.robot">
<test id="s1-s1-t1" name="CASO DE TESTE" line="14">
<kw name="Abrir navegador" type="SETUP">
<kw name="Open Browser" library="SeleniumLibrary">
<arg>abount:blank</arg>
<arg>${BROWSER}</arg>
<doc>Opens a new browser instance to the optional ``url``.</doc>
<msg timestamp="20220701 22:40:30.470" level="INFO">Opening browser 'Chrome' to base url 'abount:blank'.</msg>
<status status="PASS" starttime="20220701 22:40:30.470" endtime="20220701 22:40:34.324"/>
</kw>
<status status="PASS" starttime="20220701 22:40:30.469" endtime="20220701 22:40:34.324"/>
</kw>
<kw name="Abrir navegador">
<kw name="Open Browser" library="SeleniumLibrary">
<arg>abount:blank</arg>
<arg>${BROWSER}</arg>
<doc>Opens a new browser instance to the optional ``url``.</doc>
<msg timestamp="20220701 22:40:34.325" level="INFO">Opening browser 'Chrome' to base url 'abount:blank'.</msg>
<status status="PASS" starttime="20220701 22:40:34.325" endtime="20220701 22:40:35.606"/>
</kw>
<status status="PASS" starttime="20220701 22:40:34.324" endtime="20220701 22:40:35.606"/>
</kw>
<kw name="Acessar a página home do site">
<kw name="Go To" library="SeleniumLibrary">
<arg>${URL}</arg>
<doc>Navigates the current browser window to the provided ``url``.</doc>
<msg timestamp="20220701 22:40:35.608" level="INFO">Opening url 'https://react-redux.realworld.io/#/login?_k=gv09dw'</msg>
<status status="PASS" starttime="20220701 22:40:35.607" endtime="20220701 22:40:39.539"/>
</kw>
<status status="PASS" starttime="20220701 22:40:35.606" endtime="20220701 22:40:39.539"/>
</kw>
<kw name="Login">
<kw name="Input Text" library="SeleniumLibrary">
<arg>xpath=//*[@id="main"]/div/div/div/div/div/form/fieldset/fieldset[1]/input</arg>
<arg>${USER}</arg>
<doc>Types the given ``text`` into the text field identified by ``locator``.</doc>
<msg timestamp="20220701 22:40:39.540" level="INFO">Typing text 'user_test' into text field 'xpath=//*[@id="main"]/div/div/div/div/div/form/fieldset/fieldset[1]/input'.</msg>
<status status="PASS" starttime="20220701 22:40:39.539" endtime="20220701 22:40:39.724"/>
</kw>
<kw name="Input Text" library="SeleniumLibrary">
<arg>xpath=//*[@id="main"]/div/div/div/div/div/form/fieldset/fieldset[2]/input</arg>
<arg>${PASS}</arg>
<doc>Types the given ``text`` into the text field identified by ``locator``.</doc>
<msg timestamp="20220701 22:40:39.725" level="INFO">Typing text 'pass_test' into text field 'xpath=//*[@id="main"]/div/div/div/div/div/form/fieldset/fieldset[2]/input'.</msg>
<status status="PASS" starttime="20220701 22:40:39.724" endtime="20220701 22:40:39.900"/>
</kw>
<status status="PASS" starttime="20220701 22:40:39.539" endtime="20220701 22:40:39.900"/>
</kw>
<kw name="Click Login button">
<kw name="Click Button" library="SeleniumLibrary">
<arg>xpath=//*[@id="main"]/div/div/div/div/div/form/fieldset/button</arg>
<doc>Clicks the button identified by ``locator``.</doc>
<msg timestamp="20220701 22:40:39.901" level="INFO">Clicking button 'xpath=//*[@id="main"]/div/div/div/div/div/form/fieldset/button'.</msg>
<status status="PASS" starttime="20220701 22:40:39.901" endtime="20220701 22:40:40.004"/>
</kw>
<status status="PASS" starttime="20220701 22:40:39.900" endtime="20220701 22:40:40.008"/>
</kw>
<kw name="Fechar navegador" type="TEARDOWN">
<kw name="Close Browser" library="SeleniumLibrary">
<doc>Closes the current browser.</doc>
<status status="PASS" starttime="20220701 22:40:40.010" endtime="20220701 22:40:40.081"/>
</kw>
<status status="PASS" starttime="20220701 22:40:40.009" endtime="20220701 22:40:40.081"/>
</kw>
<status status="PASS" starttime="20220701 22:40:30.466" endtime="20220701 22:40:40.081"/>
</test>
<status status="PASS" starttime="20220701 22:40:29.897" endtime="20220701 22:40:40.083"/>
</suite>
<status status="PASS" starttime="20220701 22:40:29.853" endtime="20220701 22:40:40.088"/>
</suite>
<statistics>
<total>
<stat pass="1" fail="0" skip="0">All Tests</stat>
</total>
<tag>
</tag>
<suite>
<stat pass="1" fail="0" skip="0" id="s1" name="Tests">Tests</stat>
<stat pass="1" fail="0" skip="0" id="s1-s1" name="testeReact">Tests.testeReact</stat>
</suite>
</statistics>
<errors>
</errors>
</robot>
